Could not find a block device to store video to.
nted.
Successfully mounted /dev/sda1 to /home/sam/dashcam/recording_storage_mount
Starting recording to /home/sam/dashcam/recording_storage_mount/2024-09-29-16-12-39.flv
[0:00:29.635685352] [829] [1;32m INFO [1;37mCamera [1;34mcamera_manager.cpp:316 [0mlibcamera v0.3.1+50-69a894c4
[0:00:29.860827956] [972] [1;33m WARN [1;37mRPiSdn [1;34msdn.cpp:40 [0mUsing legacy SDN tuning - please consider moving SDN inside rpi.denoise
[0:00:29.866440664] [972] [1;32m INFO [1;37mRPI [1;34mvc4.cpp:447 [0mRegistered camera /base/soc/i2c0mux/i2c@1/imx708@1a to Unicam device /dev/media3 and ISP device /dev/media0
[0:00:29.866590143] [972] [1;32m INFO [1;37mRPI [1;34mpipeline_base.cpp:1125 [0mUsing configuration file '/usr/share/libcamera/pipeline/rpi/vc4/rpi_apps.yaml'
Mode selection for 1920:1080:12:P(30)
    SRGGB10_CSI2P,1536x864/120.135 - Score: 2200
    SRGGB10_CSI2P,2304x1296/56.0255 - Score: 1150
    SRGGB10_CSI2P,4608x2592/14.3536 - Score: 33342.8
[0:00:29.889708477] [829] [1;32m INFO [1;37mCamera [1;34mcamera.cpp:1191 [0mconfiguring streams: (0) 1920x1080-YUV420 (1) 2304x1296-SBGGR10_CSI2P
[0:00:29.890362852] [972] [1;32m INFO [1;37mRPI [1;34mvc4.cpp:622 [0mSensor: /base/soc/i2c0mux/i2c@1/imx708@1a - Selected sensor format: 2304x1296-SBGGR10_1X10 - Selected unicam format: 2304x1296-pBAA
[h264_v4l2m2m @ 0x55af74e670]  <<< v4l2_encode_init: fmt=179/0
[h264_v4l2m2m @ 0x55af74e670] Using device /dev/video11
[h264_v4l2m2m @ 0x55af74e670] driver 'bcm2835-codec' on card 'bcm2835-codec-encode' in mplane mode
[h264_v4l2m2m @ 0x55af74e670] requesting formats: output=YU12 capture=H264
Output #0, flv, to 'recording_storage_mount/2024-09-29-16-12-39.flv':
  Stream #0:0: Video: h264, drm_prime(tv, bt709), 1920x1080, q=2-31, 8000 kb/s, 30 fps, 30 tbr, 1000k tbn
